01 07, 2022 08:32:24 上午 com.job.catalina.Context <init>
INFO : Deploying web application directory F:\Project\myTomcat\webapps\a
01 07, 2022 08:32:24 上午 com.job.catalina.Context <init>
INFO : Deployment of web application directory F:\Project\myTomcat\webapps\a has finished in 1157 ms
01 07, 2022 08:32:24 上午 com.job.catalina.Context <init>
INFO : Deploying web application directory F:\Project\myTomcat\webapps\j2ee
01 07, 2022 08:32:24 上午 com.job.catalina.Context <init>
INFO : Deployment of web application directory F:\Project\myTomcat\webapps\j2ee has finished in 252 ms
01 07, 2022 08:32:24 上午 com.job.catalina.Context <init>
INFO : Deploying web application directory F:\Project\myTomcat\webapps\ROOT
01 07, 2022 08:32:24 上午 com.job.catalina.Context <init>
INFO : Deployment of web application directory F:\Project\myTomcat\webapps\ROOT has finished in 3 ms
01 07, 2022 08:32:24 上午 com.job.catalina.Context <init>
INFO : Deploying web application directory F:/project/myTomcat/b
01 07, 2022 08:32:25 上午 com.job.catalina.Context <init>
INFO : Deployment of web application directory F:/project/myTomcat/b has finished in 3 ms
01 07, 2022 08:32:25 上午 com.job.catalina.Context <init>
INFO : Deploying web application directory F:/project/javaweb/web
01 07, 2022 08:32:25 上午 com.job.catalina.Context <init>
INFO : Deployment of web application directory F:/project/javaweb/web has finished in 12 ms
01 07, 2022 08:32:25 上午 com.job.catalina.Server logJVM
INFO : Server version:		How2J DiyTomcat/1.0.1
01 07, 2022 08:32:25 上午 com.job.catalina.Server logJVM
INFO : Server built:		2020-04-08 10:20:22
01 07, 2022 08:32:25 上午 com.job.catalina.Server logJVM
INFO : Server number:		1.0.1
01 07, 2022 08:32:25 上午 com.job.catalina.Server logJVM
INFO : OS Name	:		Windows 10
01 07, 2022 08:32:25 上午 com.job.catalina.Server logJVM
INFO : OS Version:		10.0
01 07, 2022 08:32:25 上午 com.job.catalina.Server logJVM
INFO : Architecture:		amd64
01 07, 2022 08:32:25 上午 com.job.catalina.Server logJVM
INFO : Java Home:		C:\Users\h2923\.jdks\corretto-1.8.0_312\jre
01 07, 2022 08:32:25 上午 com.job.catalina.Server logJVM
INFO : JVM Version:		1.8.0_312-b07
01 07, 2022 08:32:25 上午 com.job.catalina.Server logJVM
INFO : JVM Vendor:		Oracle Corporation
01 07, 2022 08:32:25 上午 com.job.catalina.Connector init
INFO : Initializing ProtocolHandler [http-bio-18080]
01 07, 2022 08:32:25 上午 com.job.catalina.Connector init
INFO : Initializing ProtocolHandler [http-bio-18081]
01 07, 2022 08:32:25 上午 com.job.catalina.Connector init
INFO : Initializing ProtocolHandler [http-bio-18082]
01 07, 2022 08:32:25 上午 com.job.catalina.Service init
INFO : Initialization processed in 1 ms
01 07, 2022 08:32:25 上午 com.job.catalina.Connector start
INFO : Starting ProtocolHandler [http-bio-18080]
01 07, 2022 08:32:25 上午 com.job.catalina.Connector start
INFO : Starting ProtocolHandler [http-bio-18081]
01 07, 2022 08:32:25 上午 com.job.catalina.Connector start
INFO : Starting ProtocolHandler [http-bio-18082]
01 07, 2022 08:32:25 上午 com.job.catalina.Server start
INFO : Server startup in 22 ms
01 07, 2022 08:34:38 上午 com.job.catalina.Context <init>
INFO : Deploying web application directory F:\Project\myTomcat\webapps\a
01 07, 2022 08:34:38 上午 com.job.catalina.Context <init>
INFO : Deployment of web application directory F:\Project\myTomcat\webapps\a has finished in 195 ms
01 07, 2022 08:34:38 上午 com.job.catalina.Context <init>
INFO : Deploying web application directory F:\Project\myTomcat\webapps\j2ee
01 07, 2022 08:34:38 上午 com.job.catalina.Context <init>
INFO : Deployment of web application directory F:\Project\myTomcat\webapps\j2ee has finished in 30 ms
01 07, 2022 08:34:38 上午 com.job.catalina.Context <init>
INFO : Deploying web application directory F:\Project\myTomcat\webapps\ROOT
01 07, 2022 08:34:38 上午 com.job.catalina.Context <init>
INFO : Deployment of web application directory F:\Project\myTomcat\webapps\ROOT has finished in 2 ms
01 07, 2022 08:34:38 上午 com.job.catalina.Context <init>
INFO : Deploying web application directory F:/project/myTomcat/b
01 07, 2022 08:34:38 上午 com.job.catalina.Context <init>
INFO : Deployment of web application directory F:/project/myTomcat/b has finished in 6 ms
01 07, 2022 08:34:38 上午 com.job.catalina.Context <init>
INFO : Deploying web application directory F:/project/javaweb/web
01 07, 2022 08:34:38 上午 com.job.catalina.Context <init>
INFO : Deployment of web application directory F:/project/javaweb/web has finished in 11 ms
01 07, 2022 08:34:38 上午 com.job.catalina.Server logJVM
INFO : Server version:		How2J DiyTomcat/1.0.1
01 07, 2022 08:34:38 上午 com.job.catalina.Server logJVM
INFO : Server built:		2020-04-08 10:20:22
01 07, 2022 08:34:38 上午 com.job.catalina.Server logJVM
INFO : Server number:		1.0.1
01 07, 2022 08:34:38 上午 com.job.catalina.Server logJVM
INFO : OS Name	:		Windows 10
01 07, 2022 08:34:38 上午 com.job.catalina.Server logJVM
INFO : OS Version:		10.0
01 07, 2022 08:34:38 上午 com.job.catalina.Server logJVM
INFO : Architecture:		amd64
01 07, 2022 08:34:38 上午 com.job.catalina.Server logJVM
INFO : Java Home:		C:\Users\h2923\.jdks\corretto-1.8.0_312\jre
01 07, 2022 08:34:38 上午 com.job.catalina.Server logJVM
INFO : JVM Version:		1.8.0_312-b07
01 07, 2022 08:34:38 上午 com.job.catalina.Server logJVM
INFO : JVM Vendor:		Oracle Corporation
01 07, 2022 08:34:38 上午 com.job.catalina.Connector init
INFO : Initializing ProtocolHandler [http-bio-18080]
01 07, 2022 08:34:38 上午 com.job.catalina.Connector init
INFO : Initializing ProtocolHandler [http-bio-18081]
01 07, 2022 08:34:38 上午 com.job.catalina.Connector init
INFO : Initializing ProtocolHandler [http-bio-18082]
01 07, 2022 08:34:38 上午 com.job.catalina.Service init
INFO : Initialization processed in 1 ms
01 07, 2022 08:34:38 上午 com.job.catalina.Connector start
INFO : Starting ProtocolHandler [http-bio-18080]
01 07, 2022 08:34:38 上午 com.job.catalina.Connector start
INFO : Starting ProtocolHandler [http-bio-18081]
01 07, 2022 08:34:38 上午 com.job.catalina.Connector start
INFO : Starting ProtocolHandler [http-bio-18082]
01 07, 2022 08:34:38 上午 com.job.catalina.Server start
INFO : Server startup in 13 ms
01 07, 2022 08:36:32 上午 com.job.catalina.Context <init>
INFO : Deploying web application directory F:\Project\myTomcat\webapps\a
01 07, 2022 08:36:33 上午 com.job.catalina.Context <init>
INFO : Deployment of web application directory F:\Project\myTomcat\webapps\a has finished in 264 ms
01 07, 2022 08:36:33 上午 com.job.catalina.Context <init>
INFO : Deploying web application directory F:\Project\myTomcat\webapps\j2ee
01 07, 2022 08:36:33 上午 com.job.catalina.Context <init>
INFO : Deployment of web application directory F:\Project\myTomcat\webapps\j2ee has finished in 97 ms
01 07, 2022 08:36:33 上午 com.job.catalina.Context <init>
INFO : Deploying web application directory F:\Project\myTomcat\webapps\ROOT
01 07, 2022 08:36:33 上午 com.job.catalina.Context <init>
INFO : Deployment of web application directory F:\Project\myTomcat\webapps\ROOT has finished in 5 ms
01 07, 2022 08:36:33 上午 com.job.catalina.Context <init>
INFO : Deploying web application directory F:/project/myTomcat/b
01 07, 2022 08:36:33 上午 com.job.catalina.Context <init>
INFO : Deployment of web application directory F:/project/myTomcat/b has finished in 3 ms
01 07, 2022 08:36:33 上午 com.job.catalina.Context <init>
INFO : Deploying web application directory F:/project/javaweb/web
01 07, 2022 08:36:33 上午 com.job.catalina.Context <init>
INFO : Deployment of web application directory F:/project/javaweb/web has finished in 21 ms
01 07, 2022 08:36:33 上午 com.job.catalina.Server logJVM
INFO : Server version:		How2J DiyTomcat/1.0.1
01 07, 2022 08:36:33 上午 com.job.catalina.Server logJVM
INFO : Server built:		2020-04-08 10:20:22
01 07, 2022 08:36:33 上午 com.job.catalina.Server logJVM
INFO : Server number:		1.0.1
01 07, 2022 08:36:33 上午 com.job.catalina.Server logJVM
INFO : OS Name	:		Windows 10
01 07, 2022 08:36:33 上午 com.job.catalina.Server logJVM
INFO : OS Version:		10.0
01 07, 2022 08:36:33 上午 com.job.catalina.Server logJVM
INFO : Architecture:		amd64
01 07, 2022 08:36:33 上午 com.job.catalina.Server logJVM
INFO : Java Home:		C:\Users\h2923\.jdks\corretto-1.8.0_312\jre
01 07, 2022 08:36:33 上午 com.job.catalina.Server logJVM
INFO : JVM Version:		1.8.0_312-b07
01 07, 2022 08:36:33 上午 com.job.catalina.Server logJVM
INFO : JVM Vendor:		Oracle Corporation
01 07, 2022 08:36:33 上午 com.job.catalina.Connector init
INFO : Initializing ProtocolHandler [http-bio-18080]
01 07, 2022 08:36:33 上午 com.job.catalina.Service init
INFO : Initialization processed in 3 ms
01 07, 2022 08:36:33 上午 com.job.catalina.Connector start
INFO : Starting ProtocolHandler [http-bio-18080]
01 07, 2022 08:36:33 上午 com.job.catalina.Server start
INFO : Server startup in 25 ms
01 07, 2022 08:44:12 上午 com.job.catalina.Context <init>
INFO : Deploying web application directory F:\Project\myTomcat\webapps\a
01 07, 2022 08:44:12 上午 com.job.catalina.Context <init>
INFO : Deployment of web application directory F:\Project\myTomcat\webapps\a has finished in 534 ms
01 07, 2022 08:44:12 上午 com.job.catalina.Context <init>
INFO : Deploying web application directory F:\Project\myTomcat\webapps\j2ee
01 07, 2022 08:44:12 上午 com.job.catalina.Context <init>
INFO : Deployment of web application directory F:\Project\myTomcat\webapps\j2ee has finished in 57 ms
01 07, 2022 08:44:12 上午 com.job.catalina.Context <init>
INFO : Deploying web application directory F:\Project\myTomcat\webapps\ROOT
01 07, 2022 08:44:12 上午 com.job.catalina.Context <init>
INFO : Deployment of web application directory F:\Project\myTomcat\webapps\ROOT has finished in 2 ms
01 07, 2022 08:44:13 上午 com.job.catalina.Context <init>
INFO : Deploying web application directory F:/project/myTomcat/b
01 07, 2022 08:44:13 上午 com.job.catalina.Context <init>
INFO : Deployment of web application directory F:/project/myTomcat/b has finished in 5 ms
01 07, 2022 08:44:13 上午 com.job.catalina.Context <init>
INFO : Deploying web application directory F:/project/javaweb/web
01 07, 2022 08:44:13 上午 com.job.catalina.Context <init>
INFO : Deployment of web application directory F:/project/javaweb/web has finished in 11 ms
01 07, 2022 08:44:13 上午 com.job.catalina.Server logJVM
INFO : Server version:		How2J DiyTomcat/1.0.1
01 07, 2022 08:44:13 上午 com.job.catalina.Server logJVM
INFO : Server built:		2020-04-08 10:20:22
01 07, 2022 08:44:13 上午 com.job.catalina.Server logJVM
INFO : Server number:		1.0.1
01 07, 2022 08:44:13 上午 com.job.catalina.Server logJVM
INFO : OS Name	:		Windows 10
01 07, 2022 08:44:13 上午 com.job.catalina.Server logJVM
INFO : OS Version:		10.0
01 07, 2022 08:44:13 上午 com.job.catalina.Server logJVM
INFO : Architecture:		amd64
01 07, 2022 08:44:13 上午 com.job.catalina.Server logJVM
INFO : Java Home:		C:\Users\h2923\.jdks\corretto-1.8.0_312\jre
01 07, 2022 08:44:13 上午 com.job.catalina.Server logJVM
INFO : JVM Version:		1.8.0_312-b07
01 07, 2022 08:44:13 上午 com.job.catalina.Server logJVM
INFO : JVM Vendor:		Oracle Corporation
01 07, 2022 08:44:13 上午 com.job.catalina.Connector init
INFO : Initializing ProtocolHandler [http-bio-18080]
01 07, 2022 08:44:13 上午 com.job.catalina.Service init
INFO : Initialization processed in 1 ms
01 07, 2022 08:44:13 上午 com.job.catalina.Connector start
INFO : Starting ProtocolHandler [http-bio-18080]
01 07, 2022 08:44:13 上午 com.job.catalina.Server start
INFO : Server startup in 22 ms
01 07, 2022 08:56:56 上午 com.job.catalina.Context <init>
INFO : Deploying web application directory F:\Project\myTomcat\webapps\a
01 07, 2022 08:56:56 上午 com.job.catalina.Context <init>
INFO : Deployment of web application directory F:\Project\myTomcat\webapps\a has finished in 189 ms
01 07, 2022 08:56:56 上午 com.job.catalina.Context <init>
INFO : Deploying web application directory F:\Project\myTomcat\webapps\j2ee
01 07, 2022 08:56:56 上午 com.job.catalina.Context <init>
INFO : Deployment of web application directory F:\Project\myTomcat\webapps\j2ee has finished in 31 ms
01 07, 2022 08:56:56 上午 com.job.catalina.Context <init>
INFO : Deploying web application directory F:\Project\myTomcat\webapps\ROOT
01 07, 2022 08:56:56 上午 com.job.catalina.Context <init>
INFO : Deployment of web application directory F:\Project\myTomcat\webapps\ROOT has finished in 2 ms
01 07, 2022 08:56:56 上午 com.job.catalina.Context <init>
INFO : Deploying web application directory F:/project/myTomcat/b
01 07, 2022 08:56:56 上午 com.job.catalina.Context <init>
INFO : Deployment of web application directory F:/project/myTomcat/b has finished in 7 ms
01 07, 2022 08:56:56 上午 com.job.catalina.Context <init>
INFO : Deploying web application directory F:/project/javaweb/web
01 07, 2022 08:56:56 上午 com.job.catalina.Context <init>
INFO : Deployment of web application directory F:/project/javaweb/web has finished in 27 ms
01 07, 2022 08:56:56 上午 com.job.catalina.Server logJVM
INFO : Server version:		How2J DiyTomcat/1.0.1
01 07, 2022 08:56:56 上午 com.job.catalina.Server logJVM
INFO : Server built:		2020-04-08 10:20:22
01 07, 2022 08:56:56 上午 com.job.catalina.Server logJVM
INFO : Server number:		1.0.1
01 07, 2022 08:56:56 上午 com.job.catalina.Server logJVM
INFO : OS Name	:		Windows 10
01 07, 2022 08:56:56 上午 com.job.catalina.Server logJVM
INFO : OS Version:		10.0
01 07, 2022 08:56:56 上午 com.job.catalina.Server logJVM
INFO : Architecture:		amd64
01 07, 2022 08:56:56 上午 com.job.catalina.Server logJVM
INFO : Java Home:		C:\Users\h2923\.jdks\corretto-1.8.0_312\jre
01 07, 2022 08:56:56 上午 com.job.catalina.Server logJVM
INFO : JVM Version:		1.8.0_312-b07
01 07, 2022 08:56:56 上午 com.job.catalina.Server logJVM
INFO : JVM Vendor:		Oracle Corporation
01 07, 2022 08:56:56 上午 com.job.catalina.Connector init
INFO : Initializing ProtocolHandler [http-bio-18080]
01 07, 2022 08:56:56 上午 com.job.catalina.Service init
INFO : Initialization processed in 0 ms
01 07, 2022 08:56:56 上午 com.job.catalina.Connector start
INFO : Starting ProtocolHandler [http-bio-18080]
01 07, 2022 08:56:56 上午 com.job.catalina.Server start
INFO : Server startup in 12 ms
01 07, 2022 09:01:19 上午 com.job.catalina.Context <init>
INFO : Deploying web application directory F:\Project\myTomcat\webapps\a
01 07, 2022 09:01:19 上午 com.job.catalina.Context <init>
INFO : Deployment of web application directory F:\Project\myTomcat\webapps\a has finished in 188 ms
01 07, 2022 09:01:19 上午 com.job.catalina.Context <init>
INFO : Deploying web application directory F:\Project\myTomcat\webapps\j2ee
01 07, 2022 09:01:19 上午 com.job.catalina.Context <init>
INFO : Deployment of web application directory F:\Project\myTomcat\webapps\j2ee has finished in 23 ms
01 07, 2022 09:01:19 上午 com.job.catalina.Context <init>
INFO : Deploying web application directory F:\Project\myTomcat\webapps\ROOT
01 07, 2022 09:01:19 上午 com.job.catalina.Context <init>
INFO : Deployment of web application directory F:\Project\myTomcat\webapps\ROOT has finished in 2 ms
01 07, 2022 09:01:19 上午 com.job.catalina.Context <init>
INFO : Deploying web application directory F:/project/myTomcat/b
01 07, 2022 09:01:19 上午 com.job.catalina.Context <init>
INFO : Deployment of web application directory F:/project/myTomcat/b has finished in 1 ms
01 07, 2022 09:01:19 上午 com.job.catalina.Context <init>
INFO : Deploying web application directory F:/project/javaweb/web
01 07, 2022 09:01:19 上午 com.job.catalina.Context <init>
INFO : Deployment of web application directory F:/project/javaweb/web has finished in 14 ms
01 07, 2022 09:01:19 上午 com.job.catalina.Server logJVM
INFO : Server version:		How2J DiyTomcat/1.0.1
01 07, 2022 09:01:19 上午 com.job.catalina.Server logJVM
INFO : Server built:		2020-04-08 10:20:22
01 07, 2022 09:01:19 上午 com.job.catalina.Server logJVM
INFO : Server number:		1.0.1
01 07, 2022 09:01:19 上午 com.job.catalina.Server logJVM
INFO : OS Name	:		Windows 10
01 07, 2022 09:01:19 上午 com.job.catalina.Server logJVM
INFO : OS Version:		10.0
01 07, 2022 09:01:19 上午 com.job.catalina.Server logJVM
INFO : Architecture:		amd64
01 07, 2022 09:01:19 上午 com.job.catalina.Server logJVM
INFO : Java Home:		C:\Users\h2923\.jdks\corretto-1.8.0_312\jre
01 07, 2022 09:01:19 上午 com.job.catalina.Server logJVM
INFO : JVM Version:		1.8.0_312-b07
01 07, 2022 09:01:19 上午 com.job.catalina.Server logJVM
INFO : JVM Vendor:		Oracle Corporation
01 07, 2022 09:01:19 上午 com.job.catalina.Connector init
INFO : Initializing ProtocolHandler [http-bio-18080]
01 07, 2022 09:01:19 上午 com.job.catalina.Service init
INFO : Initialization processed in 0 ms
01 07, 2022 09:01:19 上午 com.job.catalina.Connector start
INFO : Starting ProtocolHandler [http-bio-18080]
01 07, 2022 09:01:19 上午 com.job.catalina.Server start
INFO : Server startup in 7 ms
